Mono path[0] = '/home/aidan/media/games/pc/terra-nil/Terra Nil_Data/Managed'
Mono config path = '/home/aidan/media/games/pc/terra-nil/Terra Nil_Data/MonoBleedingEdge/etc'
Display 0 'HDMI-A-0 22"': 1920x1080 (primary device).
Display 1 'DVI-D-0 19"': 1280x1024 (secondary device).
Desktop is 1920 x 1080 @ 75 Hz
Initialize engine version: 2019.3.15f1 (59ff3e03856d)
[Subsystems] Discovering subsystems at path /home/aidan/media/games/pc/terra-nil/Terra Nil_Data/UnitySubsystems
GfxDevice: creating device client; threaded=1
Renderer: Radeon RX 570 Series (POLARIS10, DRM 3.42.0, 5.14.15-arch1-1, LLVM 12.0.1)
Vendor:   AMD
Version:  4.6 (Core Profile) Mesa 21.2.4
GLES:     0
 GL_AMD_conservative_depth GL_AMD_depth_clamp_separate GL_AMD_draw_buffers_blend GL_AMD_framebuffer_multisample_advanced GL_AMD_gpu_shader_int64 GL_AMD_multi_draw_indirect GL_AMD_performance_monitor GL_AMD_pinned_memory GL_AMD_query_buffer_object GL_AMD_seamless_cubemap_per_texture GL_AMD_shader_stencil_export GL_AMD_shader_trinary_minmax GL_AMD_texture_texture4 GL_AMD_vertex_shader_layer GL_AMD_vertex_shader_viewport_index GL_ANGLE_texture_compression_dxt3 GL_ANGLE_texture_compression_dxt5 GL_ARB_ES2_compatibility GL_ARB_ES3_1_compatibility GL_ARB_ES3_2_compatibility GL_ARB_ES3_compatibility GL_ARB_arrays_of_arrays GL_ARB_base_instance GL_ARB_bindless_texture GL_ARB_blend_func_extended GL_ARB_buffer_storage GL_ARB_clear_buffer_object GL_ARB_clear_texture GL_ARB_clip_control GL_ARB_color_buffer_float GL_ARB_compressed_texture_pixel_storage GL_ARB_compute_shader GL_ARB_compute_variable_group_size GL_ARB_conditional_render_inverted GL_ARB_conservative_depth GL_ARB_copy_buffer GL_ARB_copy_image GL_ARB_cull_dist
ance GL_ARB_debug_output GL_ARB_depth_buffer_float GL_ARB_depth_clamp GL_ARB_derivative_control GL_ARB_direct_state_access GL_ARB_draw_buffers GL_ARB_draw_buffers_blend GL_ARB_draw_elements_base_vertex GL_ARB_draw_indirect GL_ARB_draw_instanced GL_ARB_enhanced_layouts GL_ARB_explicit_attrib_location GL_ARB_explicit_uniform_location GL_ARB_fragment_coord_conventions GL_ARB_fragment_layer_viewport GL_ARB_fragment_shader GL_ARB_framebuffer_no_attachments GL_ARB_framebuffer_object GL_ARB_framebuffer_sRGB GL_ARB_get_program_binary GL_ARB_get_texture_sub_image GL_ARB_gl_spirv GL_ARB_gpu_shader5 GL_ARB_gpu_shader_fp64 GL_ARB_gpu_shader_int64 GL_ARB_half_float_pixel GL_ARB_half_float_vertex GL_ARB_indirect_parameters GL_ARB_instanced_arrays GL_ARB_internalformat_query GL_ARB_internalformat_query2 GL_ARB_invalidate_subdata GL_ARB_map_buffer_alignment GL_ARB_map_buffer_range GL_ARB_multi_bind GL_ARB_multi_draw_indirect GL_ARB_occlusion_query2 GL_ARB_parallel_shader_compile GL_ARB_pipeline_statistics_query GL_ARB_pixel
_buffer_object GL_ARB_point_sprite GL_ARB_polygon_offset_clamp GL_ARB_program_interface_query GL_ARB_provoking_vertex GL_ARB_query_buffer_object GL_ARB_robust_buffer_access_behavior GL_ARB_robustness GL_ARB_sample_shading GL_ARB_sampler_objects GL_ARB_seamless_cube_map GL_ARB_seamless_cubemap_per_texture GL_ARB_separate_shader_objects GL_ARB_shader_atomic_counter_ops GL_ARB_shader_atomic_counters GL_ARB_shader_ballot GL_ARB_shader_bit_encoding GL_ARB_shader_clock GL_ARB_shader_draw_parameters GL_ARB_shader_group_vote GL_ARB_shader_image_load_store GL_ARB_shader_image_size GL_ARB_shader_objects GL_ARB_shader_precision GL_ARB_shader_stencil_export GL_ARB_shader_storage_buffer_object GL_ARB_shader_subroutine GL_ARB_shader_texture_image_samples GL_ARB_shader_texture_lod GL_ARB_shader_viewport_layer_array GL_ARB_shading_language_420pack GL_ARB_shading_language_include GL_ARB_shading_language_packing GL_ARB_spirv_extensions GL_ARB_stencil_texturing GL_ARB_sync GL_ARB_tessellation_shader GL_ARB_texture_barrier GL_A
RB_texture_buffer_object GL_ARB_texture_buffer_object_rgb32 GL_ARB_texture_buffer_range GL_ARB_texture_compression_bptc GL_ARB_texture_compression_rgtc GL_ARB_texture_cube_map_array GL_ARB_texture_filter_anisotropic GL_ARB_texture_float GL_ARB_texture_gather GL_ARB_texture_mirror_clamp_to_edge GL_ARB_texture_multisample GL_ARB_texture_non_power_of_two GL_ARB_texture_query_levels GL_ARB_texture_query_lod GL_ARB_texture_rectangle GL_ARB_texture_rg GL_ARB_texture_rgb10_a2ui GL_ARB_texture_stencil8 GL_ARB_texture_storage GL_ARB_texture_storage_multisample GL_ARB_texture_swizzle GL_ARB_texture_view GL_ARB_timer_query GL_ARB_transform_feedback2 GL_ARB_transform_feedback3 GL_ARB_transform_feedback_instanced GL_ARB_transform_feedback_overflow_query GL_ARB_uniform_buffer_object GL_ARB_vertex_array_bgra GL_ARB_vertex_array_object GL_ARB_vertex_attrib_64bit GL_ARB_vertex_attrib_binding GL_ARB_vertex_buffer_object GL_ARB_vertex_shader GL_ARB_vertex_type_10f_11f_11f_rev GL_ARB_vertex_type_2_10_10_10_rev GL_ARB_viewport_a
rray GL_ATI_blend_equation_separate GL_ATI_meminfo GL_ATI_texture_float GL_ATI_texture_mirror_once GL_EXT_EGL_image_storage GL_EXT_EGL_sync GL_EXT_abgr GL_EXT_blend_equation_separate GL_EXT_demote_to_helper_invocation GL_EXT_depth_bounds_test GL_EXT_draw_buffers2 GL_EXT_draw_instanced GL_EXT_framebuffer_blit GL_EXT_framebuffer_multisample GL_EXT_framebuffer_multisample_blit_scaled GL_EXT_framebuffer_object GL_EXT_framebuffer_sRGB GL_EXT_memory_object GL_EXT_memory_object_fd GL_EXT_packed_depth_stencil GL_EXT_packed_float GL_EXT_pixel_buffer_object GL_EXT_polygon_offset_clamp GL_EXT_provoking_vertex GL_EXT_semaphore GL_EXT_semaphore_fd GL_EXT_shader_image_load_formatted GL_EXT_shader_image_load_store GL_EXT_shader_integer_mix GL_EXT_shader_samples_identical GL_EXT_texture_array GL_EXT_texture_compression_dxt1 GL_EXT_texture_compression_rgtc GL_EXT_texture_compression_s3tc GL_EXT_texture_filter_anisotropic GL_EXT_texture_integer GL_EXT_texture_mirror_clamp GL_EXT_texture_sRGB GL_EXT_texture_sRGB_R8 GL_EXT_text
ure_sRGB_decode GL_EXT_texture_shadow_lod GL_EXT_texture_shared_exponent GL_EXT_texture_snorm GL_EXT_texture_swizzle GL_EXT_timer_query GL_EXT_transform_feedback GL_EXT_vertex_array_bgra GL_EXT_vertex_attrib_64bit GL_EXT_window_rectangles GL_IBM_multimode_draw_arrays GL_INTEL_blackhole_render GL_KHR_blend_equation_advanced GL_KHR_context_flush_control GL_KHR_debug GL_KHR_no_error GL_KHR_parallel_shader_compile GL_KHR_robust_buffer_access_behavior GL_KHR_robustness GL_KHR_texture_compression_astc_ldr GL_KHR_texture_compression_astc_sliced_3d GL_MESA_framebuffer_flip_y GL_MESA_pack_invert GL_MESA_shader_integer_functions GL_MESA_texture_signed_rgba GL_NVX_gpu_memory_info GL_NV_alpha_to_coverage_dither_control GL_NV_compute_shader_derivatives GL_NV_conditional_render GL_NV_copy_image GL_NV_depth_clamp GL_NV_packed_depth_stencil GL_NV_shader_atomic_int64 GL_NV_texture_barrier GL_NV_vdpau_interop GL_OES_EGL_image GL_S3_s3tc
OPENGL LOG: Creating OpenGL 4.6 graphics device ; Context level  <OpenGL 4.5> ; Context handle 14322384
Begin MonoManager ReloadAssembly
- Completed reload, in  0.056 seconds
Default vsync count 0
requesting resize 1916 x 1076
requesting fullscreen 1916 x 1076 at 0 Hz
Setting up downscaled viewport at 1916 x 1076
Desktop is 1920 x 1080 @ 75 Hz
UnloadTime: 0.491130 ms
Changing real window size to 1920 x 1059
Setting up downscaled viewport at 1916 x 1076
Changing real window size to 1920 x 1080
Setting up downscaled viewport at 1916 x 1076
Unloading 6 Unused Serialized files (Serialized files now loaded: 0)
UnloadTime: 125.340438 ms
Create sprite index 
(Filename: ./Runtime/Export/Debug/Debug.bindings.h Line: 35)


Unloading 166 unused Assets to reduce memory usage. Loaded Objects now: 4717.
Total: 19.066197 ms (FindLiveObjects: 0.445430 ms CreateObjectMapping: 0.105090 ms MarkObjects: 17.807777 ms  DeleteObjects: 0.707410 ms)

LOAD MODE GenerateLevel 
(Filename: ./Runtime/Export/Debug/Debug.bindings.h Line: 35)

Starter 
(Filename: ./Runtime/Export/Debug/Debug.bindings.h Line: 35)

Level creation took 1346 
(Filename: ./Runtime/Export/Debug/Debug.bindings.h Line: 35)

Num buildings 0 
(Filename: ./Runtime/Export/Debug/Debug.bindings.h Line: 35)

Save game state 
(Filename: ./Runtime/Export/Debug/Debug.bindings.h Line: 35)

Save game state 
(Filename: ./Runtime/Export/Debug/Debug.bindings.h Line: 35)

Save game state 
(Filename: ./Runtime/Export/Debug/Debug.bindings.h Line: 35)

Save game state 
(Filename: ./Runtime/Export/Debug/Debug.bindings.h Line: 35)

Save game state 
(Filename: ./Runtime/Export/Debug/Debug.bindings.h Line: 35)

Save game state 
(Filename: ./Runtime/Export/Debug/Debug.bindings.h Line: 35)

Save game state 
(Filename: ./Runtime/Export/Debug/Debug.bindings.h Line: 35)

Save game state 
(Filename: ./Runtime/Export/Debug/Debug.bindings.h Line: 35)

Save game state 
(Filename: ./Runtime/Export/Debug/Debug.bindings.h Line: 35)

Save game state 
(Filename: ./Runtime/Export/Debug/Debug.bindings.h Line: 35)

Save game state 
(Filename: ./Runtime/Export/Debug/Debug.bindings.h Line: 35)

Save game state 
(Filename: ./Runtime/Export/Debug/Debug.bindings.h Line: 35)

Save game state 
(Filename: ./Runtime/Export/Debug/Debug.bindings.h Line: 35)

Save game state 
(Filename: ./Runtime/Export/Debug/Debug.bindings.h Line: 35)

Save game state 
(Filename: ./Runtime/Export/Debug/Debug.bindings.h Line: 35)

Save game state 
(Filename: ./Runtime/Export/Debug/Debug.bindings.h Line: 35)

<color=#0099bc><b>DOTWEEN ► </b></color>Max Tweens reached: capacity has automatically been increased from 200/50 to 500/50. Use DOTween.SetTweensCapacity to set it manually at startup 
(Filename: ./Runtime/Export/Debug/Debug.bindings.h Line: 35)

Save game state 
(Filename: ./Runtime/Export/Debug/Debug.bindings.h Line: 35)

Remove water Water 
(Filename: ./Runtime/Export/Debug/Debug.bindings.h Line: 35)

Remove water Water 
(Filename: ./Runtime/Export/Debug/Debug.bindings.h Line: 35)

Remove water Water 
(Filename: ./Runtime/Export/Debug/Debug.bindings.h Line: 35)

Remove water Water 
(Filename: ./Runtime/Export/Debug/Debug.bindings.h Line: 35)

Remove water Water 
(Filename: ./Runtime/Export/Debug/Debug.bindings.h Line: 35)

Save game state 
(Filename: ./Runtime/Export/Debug/Debug.bindings.h Line: 35)

Save game state 
(Filename: ./Runtime/Export/Debug/Debug.bindings.h Line: 35)

Save game state 
(Filename: ./Runtime/Export/Debug/Debug.bindings.h Line: 35)

Save game state 
(Filename: ./Runtime/Export/Debug/Debug.bindings.h Line: 35)

Save game state 
(Filename: ./Runtime/Export/Debug/Debug.bindings.h Line: 35)

Save game state 
(Filename: ./Runtime/Export/Debug/Debug.bindings.h Line: 35)

Save game state 
(Filename: ./Runtime/Export/Debug/Debug.bindings.h Line: 35)

Save game state 
(Filename: ./Runtime/Export/Debug/Debug.bindings.h Line: 35)

Save game state 
(Filename: ./Runtime/Export/Debug/Debug.bindings.h Line: 35)

Save game state 
(Filename: ./Runtime/Export/Debug/Debug.bindings.h Line: 35)

Unloading 5 Unused Serialized files (Serialized files now loaded: 0)
UnloadTime: 127.023209 ms

Unloading 46 unused Assets to reduce memory usage. Loaded Objects now: 4749.
Total: 20.111287 ms (FindLiveObjects: 0.726990 ms CreateObjectMapping: 0.119450 ms MarkObjects: 19.126917 ms  DeleteObjects: 0.137320 ms)

LOAD MODE LoadFromSaveInMemory 
(Filename: ./Runtime/Export/Debug/Debug.bindings.h Line: 35)

Starter 
(Filename: ./Runtime/Export/Debug/Debug.bindings.h Line: 35)

Level creation took 1409 
(Filename: ./Runtime/Export/Debug/Debug.bindings.h Line: 35)

Num buildings 26 
(Filename: ./Runtime/Export/Debug/Debug.bindings.h Line: 35)

Remove water Water 
(Filename: ./Runtime/Export/Debug/Debug.bindings.h Line: 35)

Save game state 
(Filename: ./Runtime/Export/Debug/Debug.bindings.h Line: 35)

Save game state 
(Filename: ./Runtime/Export/Debug/Debug.bindings.h Line: 35)

Save game state 
(Filename: ./Runtime/Export/Debug/Debug.bindings.h Line: 35)

Save game state 
(Filename: ./Runtime/Export/Debug/Debug.bindings.h Line: 35)

Save game state 
(Filename: ./Runtime/Export/Debug/Debug.bindings.h Line: 35)

Save game state 
(Filename: ./Runtime/Export/Debug/Debug.bindings.h Line: 35)

Save game state 
(Filename: ./Runtime/Export/Debug/Debug.bindings.h Line: 35)

Save game state 
(Filename: ./Runtime/Export/Debug/Debug.bindings.h Line: 35)

Save game state 
(Filename: ./Runtime/Export/Debug/Debug.bindings.h Line: 35)

Save game state 
(Filename: ./Runtime/Export/Debug/Debug.bindings.h Line: 35)

Unloading 3 Unused Serialized files (Serialized files now loaded: 0)
UnloadTime: 213.443571 ms

Unloading 52 unused Assets to reduce memory usage. Loaded Objects now: 80428.
Total: 355.081525 ms (FindLiveObjects: 3.742851 ms CreateObjectMapping: 0.347780 ms MarkObjects: 350.758464 ms  DeleteObjects: 0.231680 ms)

Unloading 5 Unused Serialized files (Serialized files now loaded: 0)
UnloadTime: 88.205853 ms

Unloading 169 unused Assets to reduce memory usage. Loaded Objects now: 4749.
Total: 20.902308 ms (FindLiveObjects: 0.712490 ms CreateObjectMapping: 0.116160 ms MarkObjects: 19.334148 ms  DeleteObjects: 0.739130 ms)

LOAD MODE GenerateLevel 
(Filename: ./Runtime/Export/Debug/Debug.bindings.h Line: 35)

CREATE ROCKS AND TREES AT Utils+AStartVector2Int 
(Filename: ./Runtime/Export/Debug/Debug.bindings.h Line: 35)

Floodplain 
(Filename: ./Runtime/Export/Debug/Debug.bindings.h Line: 35)

Level creation took 3611 
(Filename: ./Runtime/Export/Debug/Debug.bindings.h Line: 35)

Num buildings 0 
(Filename: ./Runtime/Export/Debug/Debug.bindings.h Line: 35)

Save game state 
(Filename: ./Runtime/Export/Debug/Debug.bindings.h Line: 35)

Save game state 
(Filename: ./Runtime/Export/Debug/Debug.bindings.h Line: 35)

Save game state 
(Filename: ./Runtime/Export/Debug/Debug.bindings.h Line: 35)

Save game state 
(Filename: ./Runtime/Export/Debug/Debug.bindings.h Line: 35)

Remove water Water 
(Filename: ./Runtime/Export/Debug/Debug.bindings.h Line: 35)

Remove water Water 
(Filename: ./Runtime/Export/Debug/Debug.bindings.h Line: 35)

Remove water Water 
(Filename: ./Runtime/Export/Debug/Debug.bindings.h Line: 35)

Remove water Water 
(Filename: ./Runtime/Export/Debug/Debug.bindings.h Line: 35)

Remove water Water 
(Filename: ./Runtime/Export/Debug/Debug.bindings.h Line: 35)

Save game state 
(Filename: ./Runtime/Export/Debug/Debug.bindings.h Line: 35)

Save game state 
(Filename: ./Runtime/Export/Debug/Debug.bindings.h Line: 35)

Remove water Water 
(Filename: ./Runtime/Export/Debug/Debug.bindings.h Line: 35)

Save game state 
(Filename: ./Runtime/Export/Debug/Debug.bindings.h Line: 35)

Save game state 
(Filename: ./Runtime/Export/Debug/Debug.bindings.h Line: 35)

Unloading 5 Unused Serialized files (Serialized files now loaded: 0)
UnloadTime: 276.760235 ms

Unloading 22 unused Assets to reduce memory usage. Loaded Objects now: 4749.
Total: 22.006118 ms (FindLiveObjects: 1.427311 ms CreateObjectMapping: 0.160810 ms MarkObjects: 20.332767 ms  DeleteObjects: 0.084810 ms)

LOAD MODE LoadFromSaveInMemory 
(Filename: ./Runtime/Export/Debug/Debug.bindings.h Line: 35)

Floodplain 
(Filename: ./Runtime/Export/Debug/Debug.bindings.h Line: 35)

Level creation took 3636 
(Filename: ./Runtime/Export/Debug/Debug.bindings.h Line: 35)

Num buildings 7 
(Filename: ./Runtime/Export/Debug/Debug.bindings.h Line: 35)

Remove water Water 
(Filename: ./Runtime/Export/Debug/Debug.bindings.h Line: 35)

Remove water Water 
(Filename: ./Runtime/Export/Debug/Debug.bindings.h Line: 35)

Save game state 
(Filename: ./Runtime/Export/Debug/Debug.bindings.h Line: 35)

Save game state 
(Filename: ./Runtime/Export/Debug/Debug.bindings.h Line: 35)

Remove water Water 
(Filename: ./Runtime/Export/Debug/Debug.bindings.h Line: 35)

Save game state 
(Filename: ./Runtime/Export/Debug/Debug.bindings.h Line: 35)

Save game state 
(Filename: ./Runtime/Export/Debug/Debug.bindings.h Line: 35)

Save game state 
(Filename: ./Runtime/Export/Debug/Debug.bindings.h Line: 35)

Save game state 
(Filename: ./Runtime/Export/Debug/Debug.bindings.h Line: 35)

Save game state 
(Filename: ./Runtime/Export/Debug/Debug.bindings.h Line: 35)

Save game state 
(Filename: ./Runtime/Export/Debug/Debug.bindings.h Line: 35)

Save game state 
(Filename: ./Runtime/Export/Debug/Debug.bindings.h Line: 35)

Save game state 
(Filename: ./Runtime/Export/Debug/Debug.bindings.h Line: 35)

Save game state 
(Filename: ./Runtime/Export/Debug/Debug.bindings.h Line: 35)

Save game state 
(Filename: ./Runtime/Export/Debug/Debug.bindings.h Line: 35)

Save game state 
(Filename: ./Runtime/Export/Debug/Debug.bindings.h Line: 35)

Save game state 
(Filename: ./Runtime/Export/Debug/Debug.bindings.h Line: 35)

Save game state 
(Filename: ./Runtime/Export/Debug/Debug.bindings.h Line: 35)

Save game state 
(Filename: ./Runtime/Export/Debug/Debug.bindings.h Line: 35)

Save game state 
(Filename: ./Runtime/Export/Debug/Debug.bindings.h Line: 35)

Ok 
(Filename: ./Runtime/Export/Debug/Debug.bindings.h Line: 35)

Setting up 6 worker threads for Enlighten.
  Thread -> id: 7f89875c1640 -> priority: 1 
  Thread -> id: 7f8980bc0640 -> priority: 1 
  Thread -> id: 7f88fcfff640 -> priority: 1 
  Thread -> id: 7f88f3fff640 -> priority: 1 
  Thread -> id: 7f88f37fe640 -> priority: 1 
  Thread -> id: 7f88f2ffd640 -> priority: 1 
<color=#ff7337><color=#0099bc><b>DOTWEEN ► </b></color> SAFE MODE ►</color> DOTween's safe mode captured 109 errors. This is usually ok (it's what safe mode is there for) but if your game is encountering issues you should set Log Behaviour to Default in DOTween Utility Panel in order to get detailed warnings when an error is captured (consider that these errors are always on the user side).
- 109 missing target or field errors 
(Filename: ./Runtime/Export/Debug/Debug.bindings.h Line: 35)

